#
# There is insufficient memory for the Java Runtime Environment to continue.
# Native memory allocation (malloc) failed to allocate 1328656 bytes. Error detail: Chunk::new
# Possible reasons:
#   The system is out of physical RAM or swap space
#   This process is running with CompressedOops enabled, and the Java Heap may be blocking the growth of the native heap
# Possible solutions:
#   Reduce memory load on the system
#   Increase physical memory or swap space
#   Check if swap backing store is full
#   Decrease Java heap size (-Xmx/-Xms)
#   Decrease number of Java threads
#   Decrease Java thread stack sizes (-Xss)
#   Set larger code cache with -XX:ReservedCodeCacheSize=
#   JVM is running with Unscaled Compressed Oops mode in which the Java heap is
#     placed in the first 4GB address space. The Java Heap base address is the
#     maximum limit for the native heap growth. Please use -XX:HeapBaseMinAddress
#     to set the Java Heap base and to place the Java Heap above 4GB virtual address.
# This output file may be truncated or incomplete.
#
#  Out of Memory Error (arena.cpp:149), pid=23868, tid=20628
#
# JRE version: Java(TM) SE Runtime Environment (23.0.2+7) (build 23.0.2+7-58)
# Java VM: Java HotSpot(TM) 64-Bit Server VM (23.0.2+7-58, mixed mode, sharing, tiered, compressed oops, compressed class ptrs, g1 gc, windows-amd64)
# No core dump will be written. Minidumps are not enabled by default on client versions of Windows
#

---------------  S U M M A R Y ------------

Command Line: --add-opens=java.base/java.lang=ALL-UNNAMED --add-opens=java.base/java.lang.invoke=ALL-UNNAMED --add-opens=java.base/java.util=ALL-UNNAMED --add-opens=java.prefs/java.util.prefs=ALL-UNNAMED --add-exports=jdk.compiler/com.sun.tools.javac.api=ALL-UNNAMED --add-exports=jdk.compiler/com.sun.tools.javac.util=ALL-UNNAMED --add-opens=java.base/java.util=ALL-UNNAMED --add-opens=java.prefs/java.util.prefs=ALL-UNNAMED --add-opens=java.base/java.nio.charset=ALL-UNNAMED --add-opens=java.base/java.net=ALL-UNNAMED --add-opens=java.base/java.util.concurrent.atomic=ALL-UNNAMED --add-opens=java.xml/javax.xml.namespace=ALL-UNNAMED -Xmx2048m -Dfile.encoding=UTF-8 -Duser.country=ZA -Duser.language=en -Duser.variant -javaagent:C:\Users\admin\.gradle\wrapper\dists\gradle-8.11.1-bin\bpt9gzteqjrbo1mjrsomdt32c\gradle-8.11.1\lib\agents\gradle-instrumentation-agent-8.11.1.jar org.gradle.launcher.daemon.bootstrap.GradleDaemon 8.11.1

Host: AMD Ryzen 5 7530U with Radeon Graphics         , 12 cores, 7G,  Windows 11 , 64 bit Build 26100 (10.0.26100.5074)
Time: Fri Sep 26 23:05:15 2025 South Africa Standard Time elapsed time: 19.699502 seconds (0d 0h 0m 19s)

---------------  T H R E A D  ---------------

Current thread (0x00000182d4f05720):  JavaThread "C2 CompilerThread1" daemon [_thread_in_native, id=20628, stack(0x00000035ba900000,0x00000035baa00000) (1024K)]


Current CompileTask:
C2:19699 3115       4       java.net.URLClassLoader$1::run (5 bytes)

Stack: [0x00000035ba900000,0x00000035baa00000]
Native frames: (J=compiled Java code, j=interpreted, Vv=VM code, C=native code)
V  [jvm.dll+0x6e0b99]  (no source info available)
V  [jvm.dll+0x87e2b3]  (no source info available)
V  [jvm.dll+0x88073e]  (no source info available)
V  [jvm.dll+0x880e13]  (no source info available)
V  [jvm.dll+0x27b006]  (no source info available)
V  [jvm.dll+0xbc06f]  (no source info available)
V  [jvm.dll+0xbc2cb]  (no source info available)
V  [jvm.dll+0x3b3c22]  (no source info available)
V  [jvm.dll+0x1dc2ac]  (no source info available)
V  [jvm.dll+0x244ce5]  (no source info available)
V  [jvm.dll+0x243eff]  (no source info available)
V  [jvm.dll+0x1c34b0]  (no source info available)
V  [jvm.dll+0x253df1]  (no source info available)
V  [jvm.dll+0x2520aa]  (no source info available)
V  [jvm.dll+0x3ee226]  (no source info available)
V  [jvm.dll+0x8254cb]  (no source info available)
V  [jvm.dll+0x6df345]  (no source info available)
C  [ucrtbase.dll+0x37b0]  (no source info available)
C  [KERNEL32.DLL+0x2e8d7]  (no source info available)
C  [ntdll.dll+0x8d9c]  (no source info available)

Lock stack of current Java thread (top to bottom):


---------------  P R O C E S S  ---------------

Threads class SMR info:
_java_thread_list=0x00000182d76aff80, length=26, elements={
0x00000182edaebf40, 0x00000182fda9ae60, 0x00000182fda9fad0, 0x00000182fdaa4b10,
0x00000182fdaa59f0, 0x00000182fdaa6450, 0x00000182fdaa6eb0, 0x00000182fdab1d90,
0x00000182fdab6d50, 0x00000182d40e6cb0, 0x00000182d42bccf0, 0x00000182d5c37990,
0x00000182d5ccd410, 0x00000182d5de1f50, 0x00000182d5d5adc0, 0x00000182d5d59a10,
0x00000182d5d5a0a0, 0x00000182d5d5bae0, 0x00000182d5d5a730, 0x00000182d5d5b450,
0x00000182d5d5c170, 0x00000182d5d58cf0, 0x00000182d53a7170, 0x00000182d53a5730,
0x00000182d4f05720, 0x00000182d4f05050
}

Java Threads: ( => current thread )
  0x00000182edaebf40 JavaThread "main"                              [_thread_blocked, id=19216, stack(0x00000035b8100000,0x00000035b8200000) (1024K)]
  0x00000182fda9ae60 JavaThread "Reference Handler"          daemon [_thread_blocked, id=33068, stack(0x00000035b8900000,0x00000035b8a00000) (1024K)]
  0x00000182fda9fad0 JavaThread "Finalizer"                  daemon [_thread_blocked, id=3848, stack(0x00000035b8a00000,0x00000035b8b00000) (1024K)]
  0x00000182fdaa4b10 JavaThread "Signal Dispatcher"          daemon [_thread_blocked, id=4560, stack(0x00000035b8b00000,0x00000035b8c00000) (1024K)]
  0x00000182fdaa59f0 JavaThread "Attach Listener"            daemon [_thread_blocked, id=30976, stack(0x00000035b8c00000,0x00000035b8d00000) (1024K)]
  0x00000182fdaa6450 JavaThread "Service Thread"             daemon [_thread_blocked, id=27776, stack(0x00000035b8d00000,0x00000035b8e00000) (1024K)]
  0x00000182fdaa6eb0 JavaThread "Monitor Deflation Thread"   daemon [_thread_blocked, id=8344, stack(0x00000035b8e00000,0x00000035b8f00000) (1024K)]
  0x00000182fdab1d90 JavaThread "C2 CompilerThread0"         daemon [_thread_in_native, id=42232, stack(0x00000035b8f00000,0x00000035b9000000) (1024K)]
  0x00000182fdab6d50 JavaThread "C1 CompilerThread0"         daemon [_thread_in_vm, id=12580, stack(0x00000035b9000000,0x00000035b9100000) (1024K)]
  0x00000182d40e6cb0 JavaThread "Common-Cleaner"             daemon [_thread_blocked, id=41892, stack(0x00000035b9100000,0x00000035b9200000) (1024K)]
  0x00000182d42bccf0 JavaThread "Notification Thread"        daemon [_thread_blocked, id=25952, stack(0x00000035b9300000,0x00000035b9400000) (1024K)]
  0x00000182d5c37990 JavaThread "Daemon health stats"               [_thread_blocked, id=8136, stack(0x00000035b9900000,0x00000035b9a00000) (1024K)]
  0x00000182d5ccd410 JavaThread "Incoming local TCP Connector on port 45170"        [_thread_in_native, id=17400, stack(0x00000035b9a00000,0x00000035b9b00000) (1024K)]
  0x00000182d5de1f50 JavaThread "Daemon periodic checks"            [_thread_blocked, id=34016, stack(0x00000035b9b00000,0x00000035b9c00000) (1024K)]
  0x00000182d5d5adc0 JavaThread "Daemon"                            [_thread_blocked, id=21588, stack(0x00000035b9c00000,0x00000035b9d00000) (1024K)]
  0x00000182d5d59a10 JavaThread "Handler for socket connection from /127.0.0.1:45170 to /127.0.0.1:45171"        [_thread_in_native, id=7136, stack(0x00000035b9d00000,0x00000035b9e00000) (1024K)]
  0x00000182d5d5a0a0 JavaThread "Cancel handler"                    [_thread_blocked, id=42420, stack(0x00000035b9200000,0x00000035b9300000) (1024K)]
  0x00000182d5d5bae0 JavaThread "Daemon worker"                     [_thread_blocked, id=21812, stack(0x00000035b9e00000,0x00000035b9f00000) (1024K)]
  0x00000182d5d5a730 JavaThread "Asynchronous log dispatcher for DefaultDaemonConnection: socket connection from /127.0.0.1:45170 to /127.0.0.1:45171"        [_thread_blocked, id=31700, stack(0x00000035b9f00000,0x00000035ba000000) (1024K)]
  0x00000182d5d5b450 JavaThread "Stdin handler"                     [_thread_blocked, id=4656, stack(0x00000035ba000000,0x00000035ba100000) (1024K)]
  0x00000182d5d5c170 JavaThread "Daemon client event forwarder"        [_thread_blocked, id=38848, stack(0x00000035ba100000,0x00000035ba200000) (1024K)]
  0x00000182d5d58cf0 JavaThread "Cache worker for journal cache (C:\Users\admin\.gradle\caches\journal-1)"        [_thread_blocked, id=13536, stack(0x00000035ba600000,0x00000035ba700000) (1024K)]
  0x00000182d53a7170 JavaThread "File lock request listener"        [_thread_in_native, id=40160, stack(0x00000035ba700000,0x00000035ba800000) (1024K)]
  0x00000182d53a5730 JavaThread "Cache worker for file hash cache (C:\Users\admin\.gradle\caches\8.11.1\fileHashes)"        [_thread_blocked, id=34464, stack(0x00000035ba800000,0x00000035ba900000) (1024K)]
=>0x00000182d4f05720 JavaThread "C2 CompilerThread1"         daemon [_thread_in_native, id=20628, stack(0x00000035ba900000,0x00000035baa00000) (1024K)]
  0x00000182d4f05050 JavaThread "C2 CompilerThread2"         daemon [_thread_in_vm, id=41400, stack(0x00000035baa00000,0x00000035bab00000) (1024K)]
Total: 26

Other Threads:
  0x00000182fda83e80 VMThread "VM Thread"                           [id=35140, stack(0x00000035b8800000,0x00000035b8900000) (1024K)]
  0x00000182fda71560 WatcherThread "VM Periodic Task Thread"        [id=20896, stack(0x00000035b8700000,0x00000035b8800000) (1024K)]
  0x00000182effa9b50 WorkerThread "GC Thread#0"                     [id=11424, stack(0x00000035b8200000,0x00000035b8300000) (1024K)]
  0x00000182d4a9b2b0 WorkerThread "GC Thread#1"                     [id=20392, stack(0x00000035b9400000,0x00000035b9500000) (1024K)]
  0x00000182d4843830 WorkerThread "GC Thread#2"                     [id=19632, stack(0x00000035b9500000,0x00000035b9600000) (1024K)]
  0x00000182d49123e0 WorkerThread "GC Thread#3"                     [id=21400, stack(0x00000035b9600000,0x00000035b9700000) (1024K)]
  0x00000182d4f5c100 WorkerThread "GC Thread#4"                     [id=14376, stack(0x00000035b9700000,0x00000035b9800000) (1024K)]
  0x00000182d5153550 WorkerThread "GC Thread#5"                     [id=31936, stack(0x00000035b9800000,0x00000035b9900000) (1024K)]
  0x00000182d5024bc0 WorkerThread "GC Thread#6"                     [id=16116, stack(0x00000035ba200000,0x00000035ba300000) (1024K)]
  0x00000182d50240b0 WorkerThread "GC Thread#7"                     [id=5088, stack(0x00000035ba300000,0x00000035ba400000) (1024K)]
  0x00000182d5025320 WorkerThread "GC Thread#8"                     [id=17476, stack(0x00000035ba400000,0x00000035ba500000) (1024K)]
  0x00000182d5442030 WorkerThread "GC Thread#9"                     [id=31380, stack(0x00000035ba500000,0x00000035ba600000) (1024K)]
  0x00000182effbf2c0 ConcurrentGCThread "G1 Main Marker"            [id=27740, stack(0x00000035b8300000,0x00000035b8400000) (1024K)]
  0x00000182effc0c00 WorkerThread "G1 Conc#0"                       [id=6024, stack(0x00000035b8400000,0x00000035b8500000) (1024K)]
  0x00000182f000e600 ConcurrentGCThread "G1 Refine#0"               [id=42792, stack(0x00000035b8500000,0x00000035b8600000) (1024K)]
  0x00000182fd93bf60 ConcurrentGCThread "G1 Service"                [id=42436, stack(0x00000035b8600000,0x00000035b8700000) (1024K)]
Total: 16

Threads with active compile tasks:
C2 CompilerThread0  23832 3166       4       java.lang.invoke.MethodType::makeImpl (109 bytes)
C1 CompilerThread0  23832 3234       3       org.gradle.internal.service.AbstractServiceMethod::<init> (42 bytes)
C2 CompilerThread1  23832 3115       4       java.net.URLClassLoader$1::run (5 bytes)
C2 CompilerThread2  23833 3231       4       jdk.internal.org.objectweb.asm.SymbolTable::addConstantMemberReference (147 bytes)
Total: 4

VM state: not at safepoint (normal execution)

VM Mutex/Monitor currently owned by a thread:  ([mutex/lock_event])
[0x00007ff8a08d3408] MethodCompileQueue_lock - owner thread: 0x00000182fdab6d50
[0x00007ff8a08d4788] CodeCache_lock - owner thread: 0x00000182fdab6d50
[0x00007ff8a08d4908] Compile_lock - owner thread: 0x00000182fdab6d50

Heap address: 0x0000000080000000, size: 2048 MB, Compressed Oops mode: 32-bit

CDS archive(s) mapped at: [0x000001828f000000-0x000001828fd70000-0x000001828fd70000), size 14090240, SharedBaseAddress: 0x000001828f000000, ArchiveRelocationMode: 1.
Compressed class space mapped at: 0x0000018290000000-0x00000182d0000000, reserved size: 1073741824
Narrow klass base: 0x000001828f000000, Narrow klass shift: 0, Narrow klass range: 0x41000000

GC Precious Log:
 CardTable entry size: 512
 Card Set container configuration: InlinePtr #cards 5 size 8 Array Of Cards #cards 10 size 36 Howl #buckets 4 coarsen threshold 1843 Howl Bitmap #cards 512 size 80 coarsen threshold 460 Card regions per heap region 1 cards per card region 2048
 CPUs: 12 total, 12 available
 Memory: 7489M
 Large Page Support: Disabled
 NUMA Support: Disabled
 Compressed Oops: Enabled (32-bit)
 Heap Region Size: 1M
 Heap Min Capacity: 8M
 Heap Initial Capacity: 118M
 Heap Max Capacity: 2G
 Pre-touch: Disabled
 Parallel Workers: 10
 Concurrent Workers: 3
 Concurrent Refinement Workers: 10
 Periodic GC: Disabled

Heap:
 garbage-first heap   total reserved 2097152K, committed 120832K, used 55057K [0x0000000080000000, 0x0000000100000000)
  region size 1024K, 42 young (43008K), 7 survivors (7168K)
 Metaspace       used 19020K, committed 19648K, reserved 1114112K
  class space    used 2775K, committed 3072K, reserved 1048576K

Heap Regions: E=young(eden), S=young(survivor), O=old, HS=humongous(starts), HC=humongous(continues), CS=collection set, F=free, TAMS=top-at-mark-start, PB=parsable bottom
|   0|0x0000000080000000, 0x0000000080100000, 0x0000000080100000|100%| O|  |TAMS 0x0000000080000000| PB 0x0000000080000000| Untracked |  0
|   1|0x0000000080100000, 0x0000000080200000, 0x0000000080200000|100%| O|  |TAMS 0x0000000080100000| PB 0x0000000080100000| Untracked |  0
|   2|0x0000000080200000, 0x0000000080300000, 0x0000000080300000|100%|HS|  |TAMS 0x0000000080200000| PB 0x0000000080200000| Complete |  0
|   3|0x0000000080300000, 0x0000000080400000, 0x0000000080400000|100%|HC|  |TAMS 0x0000000080300000| PB 0x0000000080300000| Complete |  0
|   4|0x0000000080400000, 0x0000000080500000, 0x0000000080500000|100%|HC|  |TAMS 0x0000000080400000| PB 0x0000000080400000| Complete |  0
|   5|0x0000000080500000, 0x0000000080600000, 0x0000000080600000|100%| O|  |TAMS 0x0000000080500000| PB 0x0000000080500000| Untracked |  0
|   6|0x0000000080600000, 0x0000000080700000, 0x0000000080700000|100%| O|  |TAMS 0x0000000080600000| PB 0x0000000080600000| Untracked |  0
|   7|0x0000000080700000, 0x0000000080800000, 0x0000000080800000|100%| O|  |TAMS 0x0000000080700000| PB 0x0000000080700000| Untracked |  0
|   8|0x0000000080800000, 0x0000000080900000, 0x0000000080900000|100%|HS|  |TAMS 0x0000000080800000| PB 0x0000000080800000| Complete |  0
|   9|0x0000000080900000, 0x0000000080a00000, 0x0000000080a00000|100%| O|  |TAMS 0x0000000080900000| PB 0x0000000080900000| Untracked |  0
|  10|0x0000000080a00000, 0x0000000080b00000, 0x0000000080b00000|100%| O|  |TAMS 0x0000000080a00000| PB 0x0000000080a00000| Untracked |  0
|  11|0x0000000080b00000, 0x0000000080c00000, 0x0000000080c00000|100%| O|  |TAMS 0x0000000080b00000| PB 0x0000000080b00000| Untracked |  0
|  12|0x0000000080c00000, 0x0000000080d00000, 0x0000000080d00000|100%| O|  |TAMS 0x0000000080c00000| PB 0x0000000080c00000| Untracked |  0
|  13|0x0000000080d00000, 0x0000000080dc4408, 0x0000000080e00000| 76%| O|  |TAMS 0x0000000080d00000| PB 0x0000000080d00000| Untracked |  0
|  14|0x0000000080e00000, 0x0000000080e00000, 0x0000000080f00000|  0%| F|  |TAMS 0x0000000080e00000| PB 0x0000000080e00000| Untracked |  0
|  15|0x0000000080f00000, 0x0000000080f00000, 0x0000000081000000|  0%| F|  |TAMS 0x0000000080f00000| PB 0x0000000080f00000| Untracked |  0
|  16|0x0000000081000000, 0x0000000081000000, 0x0000000081100000|  0%| F|  |TAMS 0x0000000081000000| PB 0x0000000081000000| Untracked |  0
|  17|0x0000000081100000, 0x0000000081100000, 0x0000000081200000|  0%| F|  |TAMS 0x0000000081100000| PB 0x0000000081100000| Untracked |  0
|  18|0x0000000081200000, 0x0000000081200000, 0x0000000081300000|  0%| F|  |TAMS 0x0000000081200000| PB 0x0000000081200000| Untracked |  0
|  19|0x0000000081300000, 0x0000000081300000, 0x0000000081400000|  0%| F|  |TAMS 0x0000000081300000| PB 0x0000000081300000| Untracked |  0
|  20|0x0000000081400000, 0x0000000081400000, 0x0000000081500000|  0%| F|  |TAMS 0x0000000081400000| PB 0x0000000081400000| Untracked |  0
|  21|0x0000000081500000, 0x0000000081500000, 0x0000000081600000|  0%| F|  |TAMS 0x0000000081500000| PB 0x0000000081500000| Untracked |  0
|  22|0x0000000081600000, 0x0000000081600000, 0x0000000081700000|  0%| F|  |TAMS 0x0000000081600000| PB 0x0000000081600000| Untracked |  0
|  23|0x0000000081700000, 0x0000000081700000, 0x0000000081800000|  0%| F|  |TAMS 0x0000000081700000| PB 0x0000000081700000| Untracked |  0
|  24|0x0000000081800000, 0x0000000081800000, 0x0000000081900000|  0%| F|  |TAMS 0x0000000081800000| PB 0x0000000081800000| Untracked |  0
|  25|0x0000000081900000, 0x0000000081900000, 0x0000000081a00000|  0%| F|  |TAMS 0x0000000081900000| PB 0x0000000081900000| Untracked |  0
|  26|0x0000000081a00000, 0x0000000081a00000, 0x0000000081b00000|  0%| F|  |TAMS 0x0000000081a00000| PB 0x0000000081a00000| Untracked |  0
|  27|0x0000000081b00000, 0x0000000081b00000, 0x0000000081c00000|  0%| F|  |TAMS 0x0000000081b00000| PB 0x0000000081b00000| Untracked |  0
|  28|0x0000000081c00000, 0x0000000081c00000, 0x0000000081d00000|  0%| F|  |TAMS 0x0000000081c00000| PB 0x0000000081c00000| Untracked |  0
|  29|0x0000000081d00000, 0x0000000081d00000, 0x0000000081e00000|  0%| F|  |TAMS 0x0000000081d00000| PB 0x0000000081d00000| Untracked |  0
|  30|0x0000000081e00000, 0x0000000081e00000, 0x0000000081f00000|  0%| F|  |TAMS 0x0000000081e00000| PB 0x0000000081e00000| Untracked |  0
|  31|0x0000000081f00000, 0x0000000081f00000, 0x0000000082000000|  0%| F|  |TAMS 0x0000000081f00000| PB 0x0000000081f00000| Untracked |  0
|  32|0x0000000082000000, 0x0000000082000000, 0x0000000082100000|  0%| F|  |TAMS 0x0000000082000000| PB 0x0000000082000000| Untracked |  0
|  33|0x0000000082100000, 0x0000000082100000, 0x0000000082200000|  0%| F|  |TAMS 0x0000000082100000| PB 0x0000000082100000| Untracked |  0
|  34|0x0000000082200000, 0x0000000082200000, 0x0000000082300000|  0%| F|  |TAMS 0x0000000082200000| PB 0x0000000082200000| Untracked |  0
|  35|0x0000000082300000, 0x0000000082300000, 0x0000000082400000|  0%| F|  |TAMS 0x0000000082300000| PB 0x0000000082300000| Untracked |  0
|  36|0x0000000082400000, 0x0000000082400000, 0x0000000082500000|  0%| F|  |TAMS 0x0000000082400000| PB 0x0000000082400000| Untracked |  0
|  37|0x0000000082500000, 0x0000000082500000, 0x0000000082600000|  0%| F|  |TAMS 0x0000000082500000| PB 0x0000000082500000| Untracked |  0
|  38|0x0000000082600000, 0x0000000082600000, 0x0000000082700000|  0%| F|  |TAMS 0x0000000082600000| PB 0x0000000082600000| Untracked |  0
|  39|0x0000000082700000, 0x0000000082700000, 0x0000000082800000|  0%| F|  |TAMS 0x0000000082700000| PB 0x0000000082700000| Untracked |  0
|  40|0x0000000082800000, 0x0000000082800000, 0x0000000082900000|  0%| F|  |TAMS 0x0000000082800000| PB 0x0000000082800000| Untracked |  0
|  41|0x0000000082900000, 0x0000000082900000, 0x0000000082a00000|  0%| F|  |TAMS 0x0000000082900000| PB 0x0000000082900000| Untracked |  0
|  42|0x0000000082a00000, 0x0000000082a00000, 0x0000000082b00000|  0%| F|  |TAMS 0x0000000082a00000| PB 0x0000000082a00000| Untracked |  0
|  43|0x0000000082b00000, 0x0000000082b00000, 0x0000000082c00000|  0%| F|  |TAMS 0x0000000082b00000| PB 0x0000000082b00000| Untracked |  0
|  44|0x0000000082c00000, 0x0000000082c00000, 0x0000000082d00000|  0%| F|  |TAMS 0x0000000082c00000| PB 0x0000000082c00000| Untracked |  0
|  45|0x0000000082d00000, 0x0000000082d00000, 0x0000000082e00000|  0%| F|  |TAMS 0x0000000082d00000| PB 0x0000000082d00000| Untracked |  0
|  46|0x0000000082e00000, 0x0000000082e00000, 0x0000000082f00000|  0%| F|  |TAMS 0x0000000082e00000| PB 0x0000000082e00000| Untracked |  0
|  47|0x0000000082f00000, 0x0000000082f00000, 0x0000000083000000|  0%| F|  |TAMS 0x0000000082f00000| PB 0x0000000082f00000| Untracked |  0
|  48|0x0000000083000000, 0x0000000083000000, 0x0000000083100000|  0%| F|  |TAMS 0x0000000083000000| PB 0x0000000083000000| Untracked |  0
|  49|0x0000000083100000, 0x0000000083100000, 0x0000000083200000|  0%| F|  |TAMS 0x0000000083100000| PB 0x0000000083100000| Untracked |  0
|  50|0x0000000083200000, 0x0000000083200000, 0x0000000083300000|  0%| F|  |TAMS 0x0000000083200000| PB 0x0000000083200000| Untracked |  0
|  51|0x0000000083300000, 0x0000000083300000, 0x0000000083400000|  0%| F|  |TAMS 0x0000000083300000| PB 0x0000000083300000| Untracked |  0
|  52|0x0000000083400000, 0x0000000083400000, 0x0000000083500000|  0%| F|  |TAMS 0x0000000083400000| PB 0x0000000083400000| Untracked |  0
|  53|0x0000000083500000, 0x0000000083500000, 0x0000000083600000|  0%| F|  |TAMS 0x0000000083500000| PB 0x0000000083500000| Untracked |  0
|  54|0x0000000083600000, 0x0000000083600000, 0x0000000083700000|  0%| F|  |TAMS 0x0000000083600000| PB 0x0000000083600000| Untracked |  0
|  55|0x0000000083700000, 0x0000000083800000, 0x0000000083800000|100%| S|CS|TAMS 0x0000000083700000| PB 0x0000000083700000| Complete |  0
|  56|0x0000000083800000, 0x0000000083900000, 0x0000000083900000|100%| S|CS|TAMS 0x0000000083800000| PB 0x0000000083800000| Complete |  0
|  57|0x0000000083900000, 0x0000000083a00000, 0x0000000083a00000|100%| S|CS|TAMS 0x0000000083900000| PB 0x0000000083900000| Complete |  0
|  58|0x0000000083a00000, 0x0000000083b00000, 0x0000000083b00000|100%| S|CS|TAMS 0x0000000083a00000| PB 0x0000000083a00000| Complete |  0
|  59|0x0000000083b00000, 0x0000000083c00000, 0x0000000083c00000|100%| S|CS|TAMS 0x0000000083b00000| PB 0x0000000083b00000| Complete |  0
|  60|0x0000000083c00000, 0x0000000083d00000, 0x0000000083d00000|100%| S|CS|TAMS 0x0000000083c00000| PB 0x0000000083c00000| Complete |  0
|  61|0x0000000083d00000, 0x0000000083e00000, 0x0000000083e00000|100%| S|CS|TAMS 0x0000000083d00000| PB 0x0000000083d00000| Complete |  0
|  62|0x0000000083e00000, 0x0000000083e00000, 0x0000000083f00000|  0%| F|  |TAMS 0x0000000083e00000| PB 0x0000000083e00000| Untracked |  0
|  63|0x0000000083f00000, 0x0000000083f00000, 0x0000000084000000|  0%| F|  |TAMS 0x0000000083f00000| PB 0x0000000083f00000| Untracked |  0
|  64|0x0000000084000000, 0x0000000084000000, 0x0000000084100000|  0%| F|  |TAMS 0x0000000084000000| PB 0x0000000084000000| Untracked |  0
|  65|0x0000000084100000, 0x0000000084100000, 0x0000000084200000|  0%| F|  |TAMS 0x0000000084100000| PB 0x0000000084100000| Untracked |  0
|  66|0x0000000084200000, 0x0000000084200000, 0x0000000084300000|  0%| F|  |TAMS 0x0000000084200000| PB 0x0000000084200000| Untracked |  0
|  67|0x0000000084300000, 0x0000000084300000, 0x0000000084400000|  0%| F|  |TAMS 0x0000000084300000| PB 0x0000000084300000| Untracked |  0
|  68|0x0000000084400000, 0x0000000084400000, 0x0000000084500000|  0%| F|  |TAMS 0x0000000084400000| PB 0x0000000084400000| Untracked |  0
|  69|0x0000000084500000, 0x0000000084500000, 0x0000000084600000|  0%| F|  |TAMS 0x0000000084500000| PB 0x0000000084500000| Untracked |  0
|  70|0x0000000084600000, 0x0000000084600000, 0x0000000084700000|  0%| F|  |TAMS 0x0000000084600000| PB 0x0000000084600000| Untracked |  0
|  71|0x0000000084700000, 0x0000000084700000, 0x0000000084800000|  0%| F|  |TAMS 0x0000000084700000| PB 0x0000000084700000| Untracked |  0
|  72|0x0000000084800000, 0x0000000084800000, 0x0000000084900000|  0%| F|  |TAMS 0x0000000084800000| PB 0x0000000084800000| Untracked |  0
|  73|0x0000000084900000, 0x0000000084900000, 0x0000000084a00000|  0%| F|  |TAMS 0x0000000084900000| PB 0x0000000084900000| Untracked |  0
|  74|0x0000000084a00000, 0x0000000084a00000, 0x0000000084b00000|  0%| F|  |TAMS 0x0000000084a00000| PB 0x0000000084a00000| Untracked |  0
|  75|0x0000000084b00000, 0x0000000084b00000, 0x0000000084c00000|  0%| F|  |TAMS 0x0000000084b00000| PB 0x0000000084b00000| Untracked |  0
|  76|0x0000000084c00000, 0x0000000084c00000, 0x0000000084d00000|  0%| F|  |TAMS 0x0000000084c00000| PB 0x0000000084c00000| Untracked |  0
|  77|0x0000000084d00000, 0x0000000084d00000, 0x0000000084e00000|  0%| F|  |TAMS 0x0000000084d00000| PB 0x0000000084d00000| Untracked |  0
|  78|0x0000000084e00000, 0x0000000084e00000, 0x0000000084f00000|  0%| F|  |TAMS 0x0000000084e00000| PB 0x0000000084e00000| Untracked |  0
|  79|0x0000000084f00000, 0x0000000084f00000, 0x0000000085000000|  0%| F|  |TAMS 0x0000000084f00000| PB 0x0000000084f00000| Untracked |  0
|  80|0x0000000085000000, 0x0000000085000000, 0x0000000085100000|  0%| F|  |TAMS 0x0000000085000000| PB 0x0000000085000000| Untracked |  0
|  81|0x0000000085100000, 0x0000000085100000, 0x0000000085200000|  0%| F|  |TAMS 0x0000000085100000| PB 0x0000000085100000| Untracked |  0
|  82|0x0000000085200000, 0x0000000085200000, 0x0000000085300000|  0%| F|  |TAMS 0x0000000085200000| PB 0x0000000085200000| Untracked |  0
|  83|0x0000000085300000, 0x0000000085350370, 0x0000000085400000| 31%| E|  |TAMS 0x0000000085300000| PB 0x0000000085300000| Complete |  0
|  84|0x0000000085400000, 0x0000000085500000, 0x0000000085500000|100%| E|CS|TAMS 0x0000000085400000| PB 0x0000000085400000| Complete |  0
|  85|0x0000000085500000, 0x0000000085600000, 0x0000000085600000|100%| E|CS|TAMS 0x0000000085500000| PB 0x0000000085500000| Complete |  0
|  86|0x0000000085600000, 0x0000000085700000, 0x0000000085700000|100%| E|CS|TAMS 0x0000000085600000| PB 0x0000000085600000| Complete |  0
|  87|0x0000000085700000, 0x0000000085800000, 0x0000000085800000|100%| E|CS|TAMS 0x0000000085700000| PB 0x0000000085700000| Complete |  0
|  88|0x0000000085800000, 0x0000000085900000, 0x0000000085900000|100%| E|CS|TAMS 0x0000000085800000| PB 0x0000000085800000| Complete |  0
|  89|0x0000000085900000, 0x0000000085a00000, 0x0000000085a00000|100%| E|CS|TAMS 0x0000000085900000| PB 0x0000000085900000| Complete |  0
|  90|0x0000000085a00000, 0x0000000085b00000, 0x0000000085b00000|100%| E|CS|TAMS 0x0000000085a00000| PB 0x0000000085a00000| Complete |  0
|  91|0x0000000085b00000, 0x0000000085c00000, 0x0000000085c00000|100%| E|CS|TAMS 0x0000000085b00000| PB 0x0000000085b00000| Complete |  0
|  92|0x0000000085c00000, 0x0000000085d00000, 0x0000000085d00000|100%| E|CS|TAMS 0x0000000085c00000| PB 0x0000000085c00000| Complete |  0
|  93|0x0000000085d00000, 0x0000000085e00000, 0x0000000085e00000|100%| E|CS|TAMS 0x0000000085d00000| PB 0x0000000085d00000| Complete |  0
|  94|0x0000000085e00000, 0x0000000085f00000, 0x0000000085f00000|100%| E|CS|TAMS 0x0000000085e00000| PB 0x0000000085e00000| Complete |  0
|  95|0x0000000085f00000, 0x0000000086000000, 0x0000000086000000|100%| E|CS|TAMS 0x0000000085f00000| PB 0x0000000085f00000| Complete |  0
|  96|0x0000000086000000, 0x0000000086100000, 0x0000000086100000|100%| E|CS|TAMS 0x0000000086000000| PB 0x0000000086000000| Complete |  0
|  97|0x0000000086100000, 0x0000000086200000, 0x0000000086200000|100%| E|CS|TAMS 0x0000000086100000| PB 0x0000000086100000| Complete |  0
|  98|0x0000000086200000, 0x0000000086300000, 0x0000000086300000|100%| E|  |TAMS 0x0000000086200000| PB 0x0000000086200000| Complete |  0
|  99|0x0000000086300000, 0x0000000086400000, 0x0000000086400000|100%| E|CS|TAMS 0x0000000086300000| PB 0x0000000086300000| Complete |  0
| 100|0x0000000086400000, 0x0000000086500000, 0x0000000086500000|100%| E|CS|TAMS 0x0000000086400000| PB 0x0000000086400000| Complete |  0
| 101|0x0000000086500000, 0x0000000086600000, 0x0000000086600000|100%| E|CS|TAMS 0x0000000086500000| PB 0x0000000086500000| Complete |  0
| 102|0x0000000086600000, 0x0000000086700000, 0x0000000086700000|100%| E|CS|TAMS 0x0000000086600000| PB 0x0000000086600000| Complete |  0
| 103|0x0000000086700000, 0x0000000086800000, 0x0000000086800000|100%| E|CS|TAMS 0x0000000086700000| PB 0x0000000086700000| Complete |  0
| 104|0x0000000086800000, 0x0000000086900000, 0x0000000086900000|100%| E|CS|TAMS 0x0000000086800000| PB 0x0000000086800000| Complete |  0
| 105|0x0000000086900000, 0x0000000086a00000, 0x0000000086a00000|100%| E|CS|TAMS 0x0000000086900000| PB 0x0000000086900000| Complete |  0
| 106|0x0000000086a00000, 0x0000000086b00000, 0x0000000086b00000|100%| E|CS|TAMS 0x0000000086a00000| PB 0x0000000086a00000| Complete |  0
| 107|0x0000000086b00000, 0x0000000086c00000, 0x0000000086c00000|100%| E|CS|TAMS 0x0000000086b00000| PB 0x0000000086b00000| Complete |  0
| 108|0x0000000086c00000, 0x0000000086d00000, 0x0000000086d00000|100%| E|CS|TAMS 0x0000000086c00000| PB 0x0000000086c00000| Complete |  0
| 109|0x0000000086d00000, 0x0000000086e00000, 0x0000000086e00000|100%| E|CS|TAMS 0x0000000086d00000| PB 0x0000000086d00000| Complete |  0
| 110|0x0000000086e00000, 0x0000000086f00000, 0x0000000086f00000|100%| E|CS|TAMS 0x0000000086e00000| PB 0x0000000086e00000| Complete |  0
| 111|0x0000000086f00000, 0x0000000087000000, 0x0000000087000000|100%| E|CS|TAMS 0x0000000086f00000| PB 0x0000000086f00000| Complete |  0
| 112|0x0000000087000000, 0x0000000087100000, 0x0000000087100000|100%| E|CS|TAMS 0x0000000087000000| PB 0x0000000087000000| Complete |  0
| 113|0x0000000087100000, 0x0000000087200000, 0x0000000087200000|100%| E|CS|TAMS 0x0000000087100000| PB 0x0000000087100000| Complete |  0
| 114|0x0000000087200000, 0x0000000087300000, 0x0000000087300000|100%| E|CS|TAMS 0x0000000087200000| PB 0x0000000087200000| Complete |  0
| 115|0x0000000087300000, 0x0000000087400000, 0x0000000087400000|100%| E|CS|TAMS 0x0000000087300000| PB 0x0000000087300000| Complete |  0
| 116|0x0000000087400000, 0x0000000087500000, 0x0000000087500000|100%| E|CS|TAMS 0x0000000087400000| PB 0x0000000087400000| Complete |  0
| 117|0x0000000087500000, 0x0000000087600000, 0x0000000087600000|100%| E|CS|TAMS 0x0000000087500000| PB 0x0000000087500000| Complete |  0

Card table byte_map: [0x00000182f9100000,0x00000182f9500000] _byte_map_base: 0x00000182f8d00000

Marking Bits: (CMBitMap*) 0x00000182effaa170
 Bits: [0x00000182f9500000, 0x00000182fb500000)

Polling page: 0x00000182edf30000

Metaspace:

Usage:
  Non-class:     15.86 MB used.
      Class:      2.71 MB used.
       Both:     18.57 MB used.

Virtual space:
  Non-class space:       64.00 MB reserved,      16.19 MB ( 25%) committed,  1 nodes.
      Class space:        1.00 GB reserved,       3.00 MB ( <1%) committed,  1 nodes.
             Both:        1.06 GB reserved,      19.19 MB (  2%) committed. 

Chunk freelists:
   Non-Class:  15.25 MB
       Class:  12.83 MB
        Both:  28.08 MB

MaxMetaspaceSize: unlimited
CompressedClassSpaceSize: 1.00 GB
Initial GC threshold: 21.00 MB
Current GC threshold: 21.00 MB
CDS: on
 - commit_granule_bytes: 65536.
 - commit_granule_words: 8192.
 - virtual_space_node_default_size: 8388608.
 - enlarge_chunks_in_place: 1.
 - use_allocation_guard: 0.


Internal statistics:

num_allocs_failed_limit: 0.
num_arena_births: 842.
num_arena_deaths: 0.
num_vsnodes_births: 2.
num_vsnodes_deaths: 0.
num_space_committed: 307.
num_space_uncommitted: 0.
num_chunks_returned_to_freelist: 0.
num_chunks_taken_from_freelist: 1523.
num_chunk_merges: 0.
num_chunk_splits: 1003.
num_chunks_enlarged: 680.
num_inconsistent_stats: 0.

CodeHeap 'non-profiled nmethods': size=120064Kb used=1189Kb max_used=1189Kb free=118874Kb
 bounds [0x0000018287ac0000, 0x0000018287d30000, 0x000001828f000000]
CodeHeap 'profiled nmethods': size=120000Kb used=4858Kb max_used=4858Kb free=115142Kb
 bounds [0x0000018280000000, 0x00000182804c0000, 0x0000018287530000]
CodeHeap 'non-nmethods': size=5696Kb used=1505Kb max_used=1554Kb free=4191Kb
 bounds [0x0000018287530000, 0x00000182877a0000, 0x0000018287ac0000]
CodeCache: size=245760Kb, used=7552Kb, max_used=7601Kb, free=238207Kb
 total_blobs=3817, nmethods=3224, adapters=498, full_count=0
Compilation: enabled, stopped_count=0, restarted_count=0

Compilation events (20 events):
Event: 17.617 Thread 0x00000182fdab6d50 3202       3       java.lang.invoke.LambdaFormEditor::newSpeciesData (9 bytes)
Event: 17.617 Thread 0x00000182fdab6d50 nmethod 3202 0x00000182804af188 code [0x00000182804af2c0, 0x00000182804af4a8]
Event: 17.618 Thread 0x00000182d4f05050 3185       4       java.lang.invoke.InvokerBytecodeGenerator::emitPushArgument (150 bytes)
Event: 17.631 Thread 0x00000182d4f05050 nmethod 3185 0x0000018287be4f08 code [0x0000018287be50e0, 0x0000018287be59f8]
Event: 17.631 Thread 0x00000182d4f05050 3188       4       java.lang.invoke.InvokerBytecodeGenerator::emitLoadInsn (21 bytes)
Event: 17.982 Thread 0x00000182fdab6d50 3203   !   3       java.util.stream.ReferencePipeline$7$1FlatMap::accept (103 bytes)
Event: 18.645 Thread 0x00000182fdab6d50 nmethod 3203 0x00000182804af508 code [0x00000182804af700, 0x00000182804b0508]
Event: 18.645 Thread 0x00000182fdab6d50 3204       3       java.util.stream.AbstractPipeline::sequential (10 bytes)
Event: 18.646 Thread 0x00000182fdab6d50 nmethod 3204 0x00000182804b0588 code [0x00000182804b06a0, 0x00000182804b07b8]
Event: 18.646 Thread 0x00000182fdab6d50 3205       3       java.lang.management.ManagementFactory$$Lambda/0x000001829007d100::apply (12 bytes)
Event: 18.646 Thread 0x00000182fdab6d50 nmethod 3205 0x00000182804b0888 code [0x00000182804b09e0, 0x00000182804b0dd8]
Event: 18.650 Thread 0x00000182d4f05050 nmethod 3188 0x0000018287be5b08 code [0x0000018287be5c80, 0x0000018287be6258]
Event: 18.650 Thread 0x00000182d4f05050 3201       4       java.lang.invoke.InvokerBytecodeGenerator::loadInsnOpcode (98 bytes)
Event: 18.651 Thread 0x00000182d4f05050 nmethod 3201 0x0000018287be6308 code [0x0000018287be6400, 0x0000018287be64f8]
Event: 18.651 Thread 0x00000182d4f05050 3120       4       java.util.Collections$SetFromMap::remove (19 bytes)
Event: 18.660 Thread 0x00000182d4f05050 nmethod 3120 0x0000018287be6608 code [0x0000018287be6740, 0x0000018287be6bb0]
Event: 18.660 Thread 0x00000182d4f05050 3123   !   4       java.security.AccessController::doPrivileged (26 bytes)
Event: 18.663 Thread 0x00000182d4f05050 nmethod 3123 0x0000018287be6c88 code [0x0000018287be6dc0, 0x0000018287be6f50]
Event: 18.687 Thread 0x00000182d4f05050 3206       4       java.lang.ClassNotFoundException::<init> (7 bytes)
Event: 18.988 Thread 0x00000182fdab6d50 3208       3       javax.management.ObjectName::construct (1135 bytes)

GC Heap History (8 events):
Event: 0.493 GC heap before
{Heap before GC invocations=0 (full 0):
 garbage-first heap   total reserved 2097152K, committed 120832K, used 23552K [0x0000000080000000, 0x0000000100000000)
  region size 1024K, 24 young (24576K), 0 survivors (0K)
 Metaspace       used 1079K, committed 1216K, reserved 1114112K
  class space    used 78K, committed 128K, reserved 1048576K
}
Event: 0.498 GC heap after
{Heap after GC invocations=1 (full 0):
 garbage-first heap   total reserved 2097152K, committed 120832K, used 4672K [0x0000000080000000, 0x0000000100000000)
  region size 1024K, 3 young (3072K), 3 survivors (3072K)
 Metaspace       used 1079K, committed 1216K, reserved 1114112K
  class space    used 78K, committed 128K, reserved 1048576K
}
Event: 1.077 GC heap before
{Heap before GC invocations=1 (full 0):
 garbage-first heap   total reserved 2097152K, committed 120832K, used 30272K [0x0000000080000000, 0x0000000100000000)
  region size 1024K, 26 young (26624K), 3 survivors (3072K)
 Metaspace       used 4579K, committed 4800K, reserved 1114112K
  class space    used 596K, committed 704K, reserved 1048576K
}
Event: 1.086 GC heap after
{Heap after GC invocations=2 (full 0):
 garbage-first heap   total reserved 2097152K, committed 120832K, used 11139K [0x0000000080000000, 0x0000000100000000)
  region size 1024K, 4 young (4096K), 4 survivors (4096K)
 Metaspace       used 4579K, committed 4800K, reserved 1114112K
  class space    used 596K, committed 704K, reserved 1048576K
}
Event: 1.603 GC heap before
{Heap before GC invocations=2 (full 0):
 garbage-first heap   total reserved 2097152K, committed 120832K, used 52099K [0x0000000080000000, 0x0000000100000000)
  region size 1024K, 43 young (44032K), 4 survivors (4096K)
 Metaspace       used 4708K, committed 4928K, reserved 1114112K
  class space    used 597K, committed 704K, reserved 1048576K
}
Event: 1.609 GC heap after
{Heap after GC invocations=3 (full 0):
 garbage-first heap   total reserved 2097152K, committed 120832K, used 14582K [0x0000000080000000, 0x0000000100000000)
  region size 1024K, 3 young (3072K), 3 survivors (3072K)
 Metaspace       used 4708K, committed 4928K, reserved 1114112K
  class space    used 597K, committed 704K, reserved 1048576K
}
Event: 6.148 GC heap before
{Heap before GC invocations=3 (full 0):
 garbage-first heap   total reserved 2097152K, committed 120832K, used 68854K [0x0000000080000000, 0x0000000100000000)
  region size 1024K, 56 young (57344K), 3 survivors (3072K)
 Metaspace       used 14034K, committed 14528K, reserved 1114112K
  class space    used 1960K, committed 2176K, reserved 1048576K
}
Event: 6.155 GC heap after
{Heap after GC invocations=4 (full 0):
 garbage-first heap   total reserved 2097152K, committed 120832K, used 21265K [0x0000000080000000, 0x0000000100000000)
  region size 1024K, 7 young (7168K), 7 survivors (7168K)
 Metaspace       used 14034K, committed 14528K, reserved 1114112K
  class space    used 1960K, committed 2176K, reserved 1048576K
}

Dll operation events (15 events):
Event: 0.013 Loaded shared library C:\Program Files\Java\jdk-23\bin\java.dll
Event: 0.048 Loaded shared library C:\Program Files\Java\jdk-23\bin\jsvml.dll
Event: 0.108 Loaded shared library C:\Program Files\Java\jdk-23\bin\zip.dll
Event: 0.112 Loaded shared library C:\Program Files\Java\jdk-23\bin\instrument.dll
Event: 0.116 Loaded shared library C:\Program Files\Java\jdk-23\bin\net.dll
Event: 0.118 Loaded shared library C:\Program Files\Java\jdk-23\bin\nio.dll
Event: 0.121 Loaded shared library C:\Program Files\Java\jdk-23\bin\zip.dll
Event: 0.396 Loaded shared library C:\Program Files\Java\jdk-23\bin\jimage.dll
Event: 0.540 Loaded shared library C:\Program Files\Java\jdk-23\bin\verify.dll
Event: 0.723 Loaded shared library C:\Users\admin\.gradle\native\c067742578af261105cb4f569cf0c3c89f3d7b1fecec35dd04571415982c5e48\windows-amd64\native-platform.dll
Event: 0.730 Loaded shared library C:\Users\admin\.gradle\native\100fb08df4bc3b14c8652ba06237920a3bd2aa13389f12d3474272988ae205f9\windows-amd64\native-platform-file-events.dll
Event: 1.936 Loaded shared library C:\Program Files\Java\jdk-23\bin\management.dll
Event: 1.938 Loaded shared library C:\Program Files\Java\jdk-23\bin\management_ext.dll
Event: 2.196 Loaded shared library C:\Program Files\Java\jdk-23\bin\extnet.dll
Event: 2.386 Loaded shared library C:\Program Files\Java\jdk-23\bin\sunmscapi.dll

Deoptimization events (20 events):
Event: 8.030 Thread 0x00000182d5d5bae0 DEOPT PACKING pc=0x0000018287ae45d0 sp=0x00000035b9efb5f0
Event: 8.030 Thread 0x00000182d5d5bae0 DEOPT UNPACKING pc=0x0000018287584402 sp=0x00000035b9efb588 mode 2
Event: 8.033 Thread 0x00000182d5d5bae0 Uncommon trap: trap_request=0xffffff45 fr.pc=0x0000018287aed6d4 relative=0x0000000000000594
Event: 8.033 Thread 0x00000182d5d5bae0 Uncommon trap: reason=unstable_if action=reinterpret pc=0x0000018287aed6d4 method=java.io.File.getName()Ljava/lang/String; @ 16 c2
Event: 8.033 Thread 0x00000182d5d5bae0 DEOPT PACKING pc=0x0000018287aed6d4 sp=0x00000035b9efb5d0
Event: 8.033 Thread 0x00000182d5d5bae0 DEOPT UNPACKING pc=0x0000018287584402 sp=0x00000035b9efb5a0 mode 2
Event: 12.139 Thread 0x00000182d5d5bae0 Uncommon trap: trap_request=0xffffff45 fr.pc=0x0000018287ae6704 relative=0x00000000000000e4
Event: 12.139 Thread 0x00000182d5d5bae0 Uncommon trap: reason=unstable_if action=reinterpret pc=0x0000018287ae6704 method=java.util.HashMap.hash(Ljava/lang/Object;)I @ 1 c2
Event: 12.139 Thread 0x00000182d5d5bae0 DEOPT PACKING pc=0x0000018287ae6704 sp=0x00000035b9efc630
Event: 12.139 Thread 0x00000182d5d5bae0 DEOPT UNPACKING pc=0x0000018287584402 sp=0x00000035b9efc570 mode 2
Event: 12.179 Thread 0x00000182d5d5bae0 DEOPT PACKING pc=0x0000018280384d91 sp=0x00000035b9efc140
Event: 12.179 Thread 0x00000182d5d5bae0 DEOPT UNPACKING pc=0x0000018287584b22 sp=0x00000035b9efb650 mode 0
Event: 12.404 Thread 0x00000182d5d5bae0 DEOPT PACKING pc=0x0000018280384db2 sp=0x00000035b9efa040
Event: 12.404 Thread 0x00000182d5d5bae0 DEOPT UNPACKING pc=0x0000018287584b22 sp=0x00000035b9ef9550 mode 0
Event: 13.453 Thread 0x00000182d5d5bae0 DEOPT PACKING pc=0x0000018280384db2 sp=0x00000035b9ef8900
Event: 13.453 Thread 0x00000182d5d5bae0 DEOPT UNPACKING pc=0x0000018287584b22 sp=0x00000035b9ef7e10 mode 0
Event: 15.486 Thread 0x00000182d5d5bae0 DEOPT PACKING pc=0x0000018280384db2 sp=0x00000035b9efbcb0
Event: 15.486 Thread 0x00000182d5d5bae0 DEOPT UNPACKING pc=0x0000018287584b22 sp=0x00000035b9efb1c0 mode 0
Event: 17.519 Thread 0x00000182d5d5bae0 DEOPT PACKING pc=0x0000018280384d91 sp=0x00000035b9efbbe0
Event: 17.520 Thread 0x00000182d5d5bae0 DEOPT UNPACKING pc=0x0000018287584b22 sp=0x00000035b9efb0f0 mode 0

Classes loaded (20 events):
Event: 12.337 Loading class java/util/concurrent/LinkedBlockingDeque$AbstractItr done
Event: 12.337 Loading class java/util/concurrent/LinkedBlockingDeque$Itr done
Event: 12.338 Loading class java/util/function/LongFunction
Event: 12.338 Loading class java/util/function/LongFunction done
Event: 12.342 Loading class java/util/LinkedList$ListItr
Event: 12.342 Loading class java/util/LinkedList$ListItr done
Event: 13.431 Loading class java/security/InvalidKeyException
Event: 13.431 Loading class java/security/KeyException
Event: 13.431 Loading class java/security/KeyException done
Event: 13.431 Loading class java/security/InvalidKeyException done
Event: 17.537 Loading class java/io/ObjectOutputStream
Event: 17.538 Loading class java/io/ObjectOutput
Event: 17.539 Loading class java/io/ObjectOutput done
Event: 17.539 Loading class java/io/ObjectStreamConstants
Event: 17.539 Loading class java/io/ObjectStreamConstants done
Event: 17.539 Loading class java/io/ObjectOutputStream done
Event: 17.541 Loading class java/io/ObjectInputStream
Event: 17.542 Loading class java/io/ObjectInput
Event: 17.542 Loading class java/io/ObjectInput done
Event: 17.543 Loading class java/io/ObjectInputStream done

Classes unloaded (0 events):
No events

Classes redefined (0 events):
No events

Internal exceptions (20 events):
Event: 12.110 Thread 0x00000182d5d5bae0 Exception <a 'java/lang/NoSuchMethodError'{0x0000000086a5e6e0}: 'int java.lang.invoke.DirectMethodHandle$Holder.invokeSpecialIFC(java.lang.Object, java.lang.Object, java.lang.Object, java.lang.Object)'> (0x0000000086a5e6e0) 
thrown [s\open\src\hotspot\share\interpreter\linkResolver.cpp, line 796]
Event: 12.112 Thread 0x00000182d5d5bae0 Exception <a 'java/lang/NoSuchMethodError'{0x0000000086a6bf98}: 'java.lang.Object java.lang.invoke.DirectMethodHandle$Holder.invokeInterface(java.lang.Object, java.lang.Object, java.lang.Object)'> (0x0000000086a6bf98) 
thrown [s\open\src\hotspot\share\interpreter\linkResolver.cpp, line 796]
Event: 12.112 Thread 0x00000182d5d5bae0 Exception <a 'java/lang/IncompatibleClassChangeError'{0x0000000086a6fbb8}: Found class java.lang.Object, but interface was expected> (0x0000000086a6fbb8) 
thrown [s\open\src\hotspot\share\interpreter\linkResolver.cpp, line 863]
Event: 12.139 Thread 0x00000182d5d5bae0 Implicit null exception at 0x0000018287ae6656 to 0x0000018287ae66fa
Event: 12.157 Thread 0x00000182d5d5bae0 Exception <a 'java/lang/NoSuchMethodError'{0x000000008685dcf0}: 'int java.lang.invoke.DirectMethodHandle$Holder.invokeStatic(java.lang.Object, java.lang.Object, java.lang.Object, java.lang.Object)'> (0x000000008685dcf0) 
thrown [s\open\src\hotspot\share\interpreter\linkResolver.cpp, line 796]
Event: 12.210 Thread 0x00000182d5d5bae0 Exception <a 'java/lang/NoSuchMethodError'{0x0000000086651bb0}: 'java.lang.Object java.lang.invoke.DelegatingMethodHandle$Holder.reinvoke_L(java.lang.Object, java.lang.Object, java.lang.Object, java.lang.Object, java.lang.Object, java.lang.Object, java.lang.Object, java.lang.Object, java.lang.Object, java.lang.Object, java.lang.Object, java.lang.Object, java.lang.Object, java.lang.Object, java.lang.Object, java.lang.Object, java.lang.Object, java.lang.Object, java.lang.Object, java.lang.Object, java.lang.O
Event: 12.216 Thread 0x00000182d5d5bae0 Exception <a 'java/lang/NoSuchMethodError'{0x00000000866bfb68}: 'java.lang.Object java.lang.invoke.DirectMethodHandle$Holder.invokeStatic(java.lang.Object, java.lang.Object, java.lang.Object, java.lang.Object, java.lang.Object, java.lang.Object, java.lang.Object, java.lang.Object, java.lang.Object, java.lang.Object, java.lang.Object, java.lang.Object, java.lang.Object, java.lang.Object, java.lang.Object, java.lang.Object, java.lang.Object)'> (0x00000000866bfb68) 
thrown [s\open\src\hotspot\share\interprete
Event: 12.218 Thread 0x00000182d5d5bae0 Exception <a 'java/lang/NoSuchMethodError'{0x00000000866e8948}: 'java.lang.Object java.lang.invoke.DirectMethodHandle$Holder.invokeStatic(java.lang.Object, java.lang.Object, java.lang.Object, java.lang.Object, java.lang.Object, java.lang.Object, java.lang.Object, java.lang.Object, java.lang.Object, java.lang.Object, java.lang.Object, java.lang.Object, java.lang.Object, java.lang.Object, java.lang.Object, java.lang.Object, java.lang.Object, java.lang.Object)'> (0x00000000866e8948) 
thrown [s\open\src\hotspo
Event: 12.220 Thread 0x00000182d5d5bae0 Exception <a 'java/lang/NoSuchMethodError'{0x0000000086512f10}: 'java.lang.Object java.lang.invoke.DirectMethodHandle$Holder.invokeStatic(java.lang.Object, java.lang.Object, java.lang.Object, java.lang.Object, java.lang.Object, java.lang.Object, java.lang.Object, java.lang.Object, java.lang.Object, java.lang.Object, java.lang.Object, java.lang.Object, java.lang.Object, java.lang.Object, java.lang.Object, java.lang.Object, java.lang.Object, java.lang.Object, java.lang.Object)'> (0x0000000086512f10) 
thrown 
Event: 12.222 Thread 0x00000182d5d5bae0 Exception <a 'java/lang/NoSuchMethodError'{0x000000008653e418}: 'java.lang.Object java.lang.invoke.DirectMethodHandle$Holder.invokeStatic(java.lang.Object, java.lang.Object, java.lang.Object, java.lang.Object, java.lang.Object, java.lang.Object, java.lang.Object, java.lang.Object, java.lang.Object, java.lang.Object, java.lang.Object, java.lang.Object, java.lang.Object, java.lang.Object, java.lang.Object, java.lang.Object, java.lang.Object, java.lang.Object, java.lang.Object, java.lang.Object)'> (0x00000000
Event: 12.224 Thread 0x00000182d5d5bae0 Exception <a 'java/lang/NoSuchMethodError'{0x000000008656ad80}: 'java.lang.Object java.lang.invoke.DirectMethodHandle$Holder.invokeStatic(java.lang.Object, java.lang.Object, java.lang.Object, java.lang.Object, java.lang.Object, java.lang.Object, java.lang.Object, java.lang.Object, java.lang.Object, java.lang.Object, java.lang.Object, java.lang.Object, java.lang.Object, java.lang.Object, java.lang.Object, java.lang.Object, java.lang.Object, java.lang.Object, java.lang.Object, java.lang.Object, java.lang.Obj
Event: 12.226 Thread 0x00000182d5d5bae0 Exception <a 'java/lang/NoSuchMethodError'{0x0000000086598578}: 'java.lang.Object java.lang.invoke.DirectMethodHandle$Holder.invokeStatic(java.lang.Object, java.lang.Object, java.lang.Object, java.lang.Object, java.lang.Object, java.lang.Object, java.lang.Object, java.lang.Object, java.lang.Object, java.lang.Object, java.lang.Object, java.lang.Object, java.lang.Object, java.lang.Object, java.lang.Object, java.lang.Object, java.lang.Object, java.lang.Object, java.lang.Object, java.lang.Object, java.lang.Obj
Event: 12.229 Thread 0x00000182d5d5bae0 Exception <a 'java/lang/NoSuchMethodError'{0x00000000865c6ad0}: 'java.lang.Object java.lang.invoke.DirectMethodHandle$Holder.invokeStatic(java.lang.Object, java.lang.Object, java.lang.Object, java.lang.Object, java.lang.Object, java.lang.Object, java.lang.Object, java.lang.Object, java.lang.Object, java.lang.Object, java.lang.Object, java.lang.Object, java.lang.Object, java.lang.Object, java.lang.Object, java.lang.Object, java.lang.Object, java.lang.Object, java.lang.Object, java.lang.Object, java.lang.Obj
Event: 12.231 Thread 0x00000182d5d5bae0 Exception <a 'java/lang/NoSuchMethodError'{0x00000000865f6340}: 'java.lang.Object java.lang.invoke.DirectMethodHandle$Holder.invokeStatic(java.lang.Object, java.lang.Object, java.lang.Object, java.lang.Object, java.lang.Object, java.lang.Object, java.lang.Object, java.lang.Object, java.lang.Object, java.lang.Object, java.lang.Object, java.lang.Object, java.lang.Object, java.lang.Object, java.lang.Object, java.lang.Object, java.lang.Object, java.lang.Object, java.lang.Object, java.lang.Object, java.lang.Obj
Event: 12.233 Thread 0x00000182d5d5bae0 Exception <a 'java/lang/NoSuchMethodError'{0x00000000864264c0}: 'java.lang.Object java.lang.invoke.DirectMethodHandle$Holder.invokeStatic(java.lang.Object, java.lang.Object, java.lang.Object, java.lang.Object, java.lang.Object, java.lang.Object, java.lang.Object, java.lang.Object, java.lang.Object, java.lang.Object, java.lang.Object, java.lang.Object, java.lang.Object, java.lang.Object, java.lang.Object, java.lang.Object, java.lang.Object, java.lang.Object, java.lang.Object, java.lang.Object, java.lang.Obj
Event: 12.235 Thread 0x00000182d5d5bae0 Exception <a 'java/lang/NoSuchMethodError'{0x0000000086457e98}: 'java.lang.Object java.lang.invoke.DirectMethodHandle$Holder.invokeStatic(java.lang.Object, java.lang.Object, java.lang.Object, java.lang.Object, java.lang.Object, java.lang.Object, java.lang.Object, java.lang.Object, java.lang.Object, java.lang.Object, java.lang.Object, java.lang.Object, java.lang.Object, java.lang.Object, java.lang.Object, java.lang.Object, java.lang.Object, java.lang.Object, java.lang.Object, java.lang.Object, java.lang.Obj
Event: 17.506 Thread 0x00000182d5d5bae0 Exception <a 'java/lang/IncompatibleClassChangeError'{0x0000000085b7e8e0}: Found class java.lang.Object, but interface was expected> (0x0000000085b7e8e0) 
thrown [s\open\src\hotspot\share\interpreter\linkResolver.cpp, line 863]
Event: 17.515 Thread 0x00000182d5d5bae0 Exception <a 'java/lang/NoSuchMethodError'{0x0000000085bab368}: 'java.lang.Object java.lang.invoke.DirectMethodHandle$Holder.newInvokeSpecial(java.lang.Object, java.lang.Object, java.lang.Object, java.lang.Object, java.lang.Object, java.lang.Object, java.lang.Object, java.lang.Object, java.lang.Object, java.lang.Object)'> (0x0000000085bab368) 
thrown [s\open\src\hotspot\share\interpreter\linkResolver.cpp, line 796]
Event: 17.561 Thread 0x00000182d5d5bae0 Exception <a 'java/lang/NoSuchMethodError'{0x0000000085ad39c8}: 'java.lang.Object java.lang.invoke.DirectMethodHandle$Holder.newInvokeSpecial(java.lang.Object, java.lang.Object, java.lang.Object, java.lang.Object, java.lang.Object, java.lang.Object, java.lang.Object, java.lang.Object)'> (0x0000000085ad39c8) 
thrown [s\open\src\hotspot\share\interpreter\linkResolver.cpp, line 796]
Event: 17.587 Thread 0x00000182d5d5bae0 Exception <a 'java/lang/NoSuchMethodError'{0x000000008597e9e8}: 'int java.lang.invoke.DirectMethodHandle$Holder.invokeStaticInit(java.lang.Object, java.lang.Object, java.lang.Object)'> (0x000000008597e9e8) 
thrown [s\open\src\hotspot\share\interpreter\linkResolver.cpp, line 796]

VM Operations (20 events):
Event: 1.980 Executing VM operation: HandshakeAllThreads (Deoptimize)
Event: 1.980 Executing VM operation: HandshakeAllThreads (Deoptimize) done
Event: 2.028 Executing VM operation: HandshakeAllThreads (Deoptimize)
Event: 2.028 Executing VM operation: HandshakeAllThreads (Deoptimize) done
Event: 2.064 Executing VM operation: HandshakeAllThreads (Deoptimize)
Event: 2.064 Executing VM operation: HandshakeAllThreads (Deoptimize) done
Event: 2.111 Executing VM operation: HandshakeAllThreads (Deoptimize)
Event: 2.111 Executing VM operation: HandshakeAllThreads (Deoptimize) done
Event: 2.164 Executing VM operation: HandshakeAllThreads (Deoptimize)
Event: 2.164 Executing VM operation: HandshakeAllThreads (Deoptimize) done
Event: 2.352 Executing VM operation: HandshakeAllThreads (Deoptimize)
Event: 2.352 Executing VM operation: HandshakeAllThreads (Deoptimize) done
Event: 6.148 Executing VM operation: G1CollectForAllocation (G1 Evacuation Pause)
Event: 6.155 Executing VM operation: G1CollectForAllocation (G1 Evacuation Pause) done
Event: 6.295 Executing VM operation: HandshakeAllThreads (Deoptimize)
Event: 6.295 Executing VM operation: HandshakeAllThreads (Deoptimize) done
Event: 12.245 Executing VM operation: HandshakeAllThreads (Deoptimize)
Event: 12.245 Executing VM operation: HandshakeAllThreads (Deoptimize) done
Event: 12.245 Executing VM operation: HandshakeAllThreads (Deoptimize)
Event: 12.245 Executing VM operation: HandshakeAllThreads (Deoptimize) done

Memory protections (0 events):
No events

Nmethod flushes (0 events):
No events

Events (20 events):
Event: 0.100 Thread 0x00000182fdab6d50 Thread added: 0x00000182d4227590
Event: 0.137 Thread 0x00000182edaebf40 Thread added: 0x00000182d42bccf0
Event: 1.264 Thread 0x00000182d4227590 Thread exited: 0x00000182d4227590
Event: 1.673 Thread 0x00000182fdab6d50 Thread added: 0x00000182d4f05720
Event: 1.981 Thread 0x00000182edaebf40 Thread added: 0x00000182d5c37990
Event: 2.248 Thread 0x00000182edaebf40 Thread added: 0x00000182d5ccd410
Event: 2.333 Thread 0x00000182edaebf40 Thread added: 0x00000182d5de1f50
Event: 2.446 Thread 0x00000182d5ccd410 Thread added: 0x00000182d5d5adc0
Event: 2.451 Thread 0x00000182d5d5adc0 Thread added: 0x00000182d5d59a10
Event: 2.985 Thread 0x00000182d4f05720 Thread exited: 0x00000182d4f05720
Event: 5.647 Thread 0x00000182d5d5adc0 Thread added: 0x00000182d5d5a0a0
Event: 5.670 Thread 0x00000182d5d5adc0 Thread added: 0x00000182d5d5bae0
Event: 5.689 Thread 0x00000182d5d5bae0 Thread added: 0x00000182d5d5a730
Event: 5.696 Thread 0x00000182d5d5bae0 Thread added: 0x00000182d5d5b450
Event: 5.699 Thread 0x00000182d5d5bae0 Thread added: 0x00000182d5d5c170
Event: 6.295 Thread 0x00000182d5d5bae0 Thread added: 0x00000182d5d58cf0
Event: 6.309 Thread 0x00000182d5d5bae0 Thread added: 0x00000182d53a7170
Event: 6.938 Thread 0x00000182d5d5bae0 Thread added: 0x00000182d53a5730
Event: 12.197 Thread 0x00000182fdab6d50 Thread added: 0x00000182d4f05720
Event: 17.618 Thread 0x00000182fdab6d50 Thread added: 0x00000182d4f05050


Dynamic libraries:
0x00007ff740e30000 - 0x00007ff740e40000 	C:\Program Files\Java\jdk-23\bin\java.exe
0x00007ff9c42e0000 - 0x00007ff9c4549000 	C:\WINDOWS\SYSTEM32\ntdll.dll
0x00007ff9c3030000 - 0x00007ff9c30f9000 	C:\WINDOWS\System32\KERNEL32.DLL
0x00007ff9c1c00000 - 0x00007ff9c1ff3000 	C:\WINDOWS\System32\KERNELBASE.dll
0x00007ff9c1720000 - 0x00007ff9c186b000 	C:\WINDOWS\System32\ucrtbase.dll
0x00007ff9a6950000 - 0x00007ff9a696b000 	C:\Program Files\Java\jdk-23\bin\VCRUNTIME140.dll
0x00007ff99d9e0000 - 0x00007ff99d9f7000 	C:\Program Files\Java\jdk-23\bin\jli.dll
0x00007ff9c3f40000 - 0x00007ff9c4104000 	C:\WINDOWS\System32\USER32.dll
0x00007ff9a0520000 - 0x00007ff9a07b3000 	C:\WINDOWS\WinSxS\amd64_microsoft.windows.common-controls_6595b64144ccf1df_6.0.26100.5074_none_3e0d6f78e32fd63f\COMCTL32.dll
0x00007ff9c2960000 - 0x00007ff9c2a09000 	C:\WINDOWS\System32\msvcrt.dll
0x00007ff9c16f0000 - 0x00007ff9c1717000 	C:\WINDOWS\System32\win32u.dll
0x00007ff9c4210000 - 0x00007ff9c423b000 	C:\WINDOWS\System32\GDI32.dll
0x00007ff9c15c0000 - 0x00007ff9c16ed000 	C:\WINDOWS\System32\gdi32full.dll
0x00007ff9c2000000 - 0x00007ff9c20a3000 	C:\WINDOWS\System32\msvcp_win.dll
0x00007ff9c3f00000 - 0x00007ff9c3f2f000 	C:\WINDOWS\System32\IMM32.DLL
0x00007ff9a6a50000 - 0x00007ff9a6a5c000 	C:\Program Files\Java\jdk-23\bin\vcruntime140_1.dll
0x00007ff95e8a0000 - 0x00007ff95e92e000 	C:\Program Files\Java\jdk-23\bin\msvcp140.dll
0x00007ff89fc60000 - 0x00007ff8a09b0000 	C:\Program Files\Java\jdk-23\bin\server\jvm.dll
0x00007ff9c21b0000 - 0x00007ff9c2264000 	C:\WINDOWS\System32\ADVAPI32.dll
0x00007ff9c2690000 - 0x00007ff9c2736000 	C:\WINDOWS\System32\sechost.dll
0x00007ff9c3200000 - 0x00007ff9c3318000 	C:\WINDOWS\System32\RPCRT4.dll
0x00007ff9c3110000 - 0x00007ff9c3184000 	C:\WINDOWS\System32\WS2_32.dll
0x00007ff9c1140000 - 0x00007ff9c119e000 	C:\WINDOWS\SYSTEM32\POWRPROF.dll
0x00007ff9ba080000 - 0x00007ff9ba0b5000 	C:\WINDOWS\SYSTEM32\WINMM.dll
0x00007ff9ba0c0000 - 0x00007ff9ba0cb000 	C:\WINDOWS\SYSTEM32\VERSION.dll
0x00007ff9c1120000 - 0x00007ff9c1134000 	C:\WINDOWS\SYSTEM32\UMPDC.dll
0x00007ff9c0250000 - 0x00007ff9c026b000 	C:\WINDOWS\SYSTEM32\kernel.appcore.dll
0x00007ff9a6a00000 - 0x00007ff9a6a0a000 	C:\Program Files\Java\jdk-23\bin\jimage.dll
0x00007ff9beae0000 - 0x00007ff9bed22000 	C:\WINDOWS\SYSTEM32\DBGHELP.DLL
0x00007ff9c2b10000 - 0x00007ff9c2e8b000 	C:\WINDOWS\System32\combase.dll
0x00007ff9c23d0000 - 0x00007ff9c24a7000 	C:\WINDOWS\System32\OLEAUT32.dll
0x00007ff9ab2c0000 - 0x00007ff9ab2fd000 	C:\WINDOWS\SYSTEM32\dbgcore.DLL
0x00007ff9c19e0000 - 0x00007ff9c1a79000 	C:\WINDOWS\System32\bcryptPrimitives.dll
0x00007ff988350000 - 0x00007ff98835f000 	C:\Program Files\Java\jdk-23\bin\instrument.dll
0x00007ff99d9c0000 - 0x00007ff99d9de000 	C:\Program Files\Java\jdk-23\bin\java.dll
0x00007ff9c2e90000 - 0x00007ff9c3028000 	C:\WINDOWS\System32\ole32.dll
0x00007ff9c3320000 - 0x00007ff9c3a6d000 	C:\WINDOWS\System32\SHELL32.dll
0x00007ff9c1870000 - 0x00007ff9c19dc000 	C:\WINDOWS\System32\wintypes.dll
0x00007ff9bf0d0000 - 0x00007ff9bf929000 	C:\WINDOWS\SYSTEM32\windows.storage.dll
0x00007ff9c2a10000 - 0x00007ff9c2b00000 	C:\WINDOWS\System32\SHCORE.dll
0x00007ff9c3190000 - 0x00007ff9c31f2000 	C:\WINDOWS\System32\shlwapi.dll
0x00007ff9c1390000 - 0x00007ff9c13b9000 	C:\WINDOWS\SYSTEM32\profapi.dll
0x00007ff94b330000 - 0x00007ff94b407000 	C:\Program Files\Java\jdk-23\bin\jsvml.dll
0x00007ff96f720000 - 0x00007ff96f737000 	C:\Program Files\Java\jdk-23\bin\zip.dll
0x00007ff9a67d0000 - 0x00007ff9a67e0000 	C:\Program Files\Java\jdk-23\bin\net.dll
0x00007ff9c07d0000 - 0x00007ff9c083b000 	C:\WINDOWS\system32\mswsock.dll
0x00007ff9732d0000 - 0x00007ff9732e6000 	C:\Program Files\Java\jdk-23\bin\nio.dll
0x00007ff9a5f30000 - 0x00007ff9a5f40000 	C:\Program Files\Java\jdk-23\bin\verify.dll
0x00007ff9674e0000 - 0x00007ff967507000 	C:\Users\admin\.gradle\native\c067742578af261105cb4f569cf0c3c89f3d7b1fecec35dd04571415982c5e48\windows-amd64\native-platform.dll
0x00007ff93fd10000 - 0x00007ff93fe54000 	C:\Users\admin\.gradle\native\100fb08df4bc3b14c8652ba06237920a3bd2aa13389f12d3474272988ae205f9\windows-amd64\native-platform-file-events.dll
0x00007ff9a5040000 - 0x00007ff9a504a000 	C:\Program Files\Java\jdk-23\bin\management.dll
0x00007ff9a0060000 - 0x00007ff9a006b000 	C:\Program Files\Java\jdk-23\bin\management_ext.dll
0x00007ff9c2950000 - 0x00007ff9c2958000 	C:\WINDOWS\System32\PSAPI.DLL
0x00007ff9c0a70000 - 0x00007ff9c0a8b000 	C:\WINDOWS\SYSTEM32\CRYPTSP.dll
0x00007ff9c01b0000 - 0x00007ff9c01eb000 	C:\WINDOWS\system32\rsaenh.dll
0x00007ff9c0870000 - 0x00007ff9c089b000 	C:\WINDOWS\SYSTEM32\USERENV.dll
0x00007ff9c1360000 - 0x00007ff9c1386000 	C:\WINDOWS\SYSTEM32\bcrypt.dll
0x00007ff9c0a90000 - 0x00007ff9c0a9c000 	C:\WINDOWS\SYSTEM32\CRYPTBASE.dll
0x00007ff9bfd00000 - 0x00007ff9bfd34000 	C:\WINDOWS\SYSTEM32\IPHLPAPI.DLL
0x00007ff9c2930000 - 0x00007ff9c293a000 	C:\WINDOWS\System32\NSI.dll
0x00007ff988fa0000 - 0x00007ff988fa9000 	C:\Program Files\Java\jdk-23\bin\extnet.dll
0x00007ff9732c0000 - 0x00007ff9732ce000 	C:\Program Files\Java\jdk-23\bin\sunmscapi.dll
0x00007ff9c1a80000 - 0x00007ff9c1bf7000 	C:\WINDOWS\System32\CRYPT32.dll
0x00007ff9c0c90000 - 0x00007ff9c0cc0000 	C:\WINDOWS\SYSTEM32\ncrypt.dll
0x00007ff9c0c40000 - 0x00007ff9c0c7f000 	C:\WINDOWS\SYSTEM32\NTASN1.dll
0x00007ff992390000 - 0x00007ff992398000 	C:\WINDOWS\system32\wshunix.dll

dbghelp: loaded successfully - version: 4.0.5 - missing functions: none
symbol engine: initialized successfully - sym options: 0x614 - pdb path: .;C:\Program Files\Java\jdk-23\bin;C:\WINDOWS\SYSTEM32;C:\WINDOWS\WinSxS\amd64_microsoft.windows.common-controls_6595b64144ccf1df_6.0.26100.5074_none_3e0d6f78e32fd63f;C:\Program Files\Java\jdk-23\bin\server;C:\Users\admin\.gradle\native\c067742578af261105cb4f569cf0c3c89f3d7b1fecec35dd04571415982c5e48\windows-amd64;C:\Users\admin\.gradle\native\100fb08df4bc3b14c8652ba06237920a3bd2aa13389f12d3474272988ae205f9\windows-amd64

VM Arguments:
jvm_args: --add-opens=java.base/java.lang=ALL-UNNAMED --add-opens=java.base/java.lang.invoke=ALL-UNNAMED --add-opens=java.base/java.util=ALL-UNNAMED --add-opens=java.prefs/java.util.prefs=ALL-UNNAMED --add-exports=jdk.compiler/com.sun.tools.javac.api=ALL-UNNAMED --add-exports=jdk.compiler/com.sun.tools.javac.util=ALL-UNNAMED --add-opens=java.base/java.util=ALL-UNNAMED --add-opens=java.prefs/java.util.prefs=ALL-UNNAMED --add-opens=java.base/java.nio.charset=ALL-UNNAMED --add-opens=java.base/java.net=ALL-UNNAMED --add-opens=java.base/java.util.concurrent.atomic=ALL-UNNAMED --add-opens=java.xml/javax.xml.namespace=ALL-UNNAMED -Xmx2048m -Dfile.encoding=UTF-8 -Duser.country=ZA -Duser.language=en -Duser.variant -javaagent:C:\Users\admin\.gradle\wrapper\dists\gradle-8.11.1-bin\bpt9gzteqjrbo1mjrsomdt32c\gradle-8.11.1\lib\agents\gradle-instrumentation-agent-8.11.1.jar 
java_command: org.gradle.launcher.daemon.bootstrap.GradleDaemon 8.11.1
java_class_path (initial): C:\Users\admin\.gradle\wrapper\dists\gradle-8.11.1-bin\bpt9gzteqjrbo1mjrsomdt32c\gradle-8.11.1\lib\gradle-daemon-main-8.11.1.jar
Launcher Type: SUN_STANDARD

[Global flags]
     intx CICompilerCount                          = 4                                         {product} {ergonomic}
     uint ConcGCThreads                            = 3                                         {product} {ergonomic}
     uint G1ConcRefinementThreads                  = 10                                        {product} {ergonomic}
   size_t G1HeapRegionSize                         = 1048576                                   {product} {ergonomic}
   size_t InitialHeapSize                          = 123731968                                 {product} {ergonomic}
   size_t MarkStackSize                            = 4194304                                   {product} {ergonomic}
   size_t MarkStackSizeMax                         = 536870912                                 {product} {ergonomic}
   size_t MaxHeapSize                              = 2147483648                                {product} {command line}
   size_t MaxNewSize                               = 1287651328                                {product} {ergonomic}
   size_t MinHeapDeltaBytes                        = 1048576                                   {product} {ergonomic}
   size_t MinHeapSize                              = 8388608                                   {product} {ergonomic}
    uintx NonNMethodCodeHeapSize                   = 5832704                                {pd product} {ergonomic}
    uintx NonProfiledCodeHeapSize                  = 122945536                              {pd product} {ergonomic}
    uintx ProfiledCodeHeapSize                     = 122880000                              {pd product} {ergonomic}
    uintx ReservedCodeCacheSize                    = 251658240                              {pd product} {ergonomic}
     bool SegmentedCodeCache                       = true                                      {product} {ergonomic}
   size_t SoftMaxHeapSize                          = 2147483648                             {manageable} {ergonomic}
     bool UseCompressedOops                        = true                           {product lp64_product} {ergonomic}
     bool UseG1GC                                  = true                                      {product} {ergonomic}
     bool UseLargePagesIndividualAllocation        = false                                  {pd product} {ergonomic}

Logging:
Log output configuration:
 #0: stdout all=warning uptime,level,tags foldmultilines=false
 #1: stderr all=off uptime,level,tags foldmultilines=false

Environment Variables:
CLASSPATH=C:\Users\admin\AndroidStudioProjects\MediGrid\\gradle\wrapper\gradle-wrapper.jar
PATH=c:\Users\admin\AppData\Local\Programs\cursor\resources\app\bin;C:\Program Files\Common Files\Oracle\Java\javapath;C:\Program Files (x86)\Common Files\Oracle\Java\java8path;C:\Program Files (x86)\Common Files\Oracle\Java\javapath;C:\WINDOWS\system32;C:\WINDOWS;C:\WINDOWS\System32\Wbem;C:\WINDOWS\System32\WindowsPowerShell\v1.0\;C:\WINDOWS\System32\OpenSSH\;C:\Program Files\Microsoft SQL Server\150\Tools\Binn\;C:\ProgramData\chocolatey\bin;C:\Program Files\MATLAB\R2024b\bin;C:\Program Files\MySQL\MySQL Shell 8.4\bin\;C:\Program Files\MySQL\MySQL Shell 8.0\bin\;C:\Users\admin\AppData\Local\Microsoft\WindowsApps;C:\Users\admin\.dotnet\tools;C:\Users\admin\AppData\Local\Microsoft\WinGet\Links;C:\Users\admin\AppData\Roaming\npm;C:\Program Files\JetBrains\IntelliJ IDEA 2024.3.3\bin;C:\Users\admin\AppData\Local\Programs\cursor\resources\app\bin;C:\WINDOWS\system32;C:\WINDOWS;C:\WINDOWS\System32\Wbem;C:\WINDOWS\System32\WindowsPowerShell\v1.0\;C:\WINDOWS\System32\OpenSSH\;C:\Program Files\Git\cmd;C:\Program Files\Git LFS;C:\Program Files\dotnet\;C:\Program Files\Microsoft SQL Server\Client SDK\ODBC\170\Tools\Binn\;C:\Program Files\nodejs\;C:\Users\admin\AppData\Local\Programs\Python\Launcher\;C:\Program Files\MySQL\MySQL Shell 8.4\bin\;C:\Program Files\MySQL\MySQL Shell 8.0\bin\;C:\Users\admin\AppData\Local\Microsoft\WindowsApps;C:\Users\admin\AppData\Local\Programs\Microsoft VS Code\bin;C:\Program Files\JetBrains\IntelliJ IDEA 2024.3.3\bin;;C:\Users\admin\AppData\Local\Programs\cursor\resources\app\bin;C:\Users\admin\AppData\Local\GitHubDesktop\bin;C:\Users\admin\.dotnet\tools;C:\Users\admin\AppData\Roaming\npm
USERNAME=admin
OS=Windows_NT
PROCESSOR_IDENTIFIER=AMD64 Family 25 Model 80 Stepping 0, AuthenticAMD
TMP=C:\Users\admin\AppData\Local\Temp
TEMP=C:\Users\admin\AppData\Local\Temp




Periodic native trim disabled

---------------  S Y S T E M  ---------------

OS:
 Windows 11 , 64 bit Build 26100 (10.0.26100.5074)
OS uptime: 11 days 1:04 hours
Hyper-V role detected

CPU: total 12 (initial active 12) (12 cores per cpu, 2 threads per core) family 25 model 80 stepping 0 microcode 0xa500014, cx8, cmov, fxsr, ht, mmx, 3dnowpref, sse, sse2, sse3, ssse3, sse4a, sse4.1, sse4.2, popcnt, lzcnt, tsc, tscinvbit, avx, avx2, aes, erms, clmul, bmi1, bmi2, adx, sha, fma, vzeroupper, clflush, clflushopt, hv, rdtscp, rdpid, fsrm, f16c, cet_ss
Processor Information for processor 0
  Max Mhz: 2000, Current Mhz: 1808, Mhz Limit: 2000
Processor Information for processor 1
  Max Mhz: 2000, Current Mhz: 1808, Mhz Limit: 2000
Processor Information for processor 2
  Max Mhz: 2000, Current Mhz: 1808, Mhz Limit: 2000
Processor Information for processor 3
  Max Mhz: 2000, Current Mhz: 1808, Mhz Limit: 2000
Processor Information for processor 4
  Max Mhz: 2000, Current Mhz: 1808, Mhz Limit: 2000
Processor Information for processor 5
  Max Mhz: 2000, Current Mhz: 1808, Mhz Limit: 2000
Processor Information for processor 6
  Max Mhz: 2000, Current Mhz: 1808, Mhz Limit: 2000
Processor Information for processor 7
  Max Mhz: 2000, Current Mhz: 2000, Mhz Limit: 2000
Processor Information for processor 8
  Max Mhz: 2000, Current Mhz: 1808, Mhz Limit: 2000
Processor Information for processor 9
  Max Mhz: 2000, Current Mhz: 1808, Mhz Limit: 2000
Processor Information for processor 10
  Max Mhz: 2000, Current Mhz: 1808, Mhz Limit: 2000
Processor Information for processor 11
  Max Mhz: 2000, Current Mhz: 1808, Mhz Limit: 2000

Memory: 4k page, system-wide physical 7489M (537M free)
TotalPageFile size 30017M (AvailPageFile size 0M)
current process WorkingSet (physical memory assigned to process): 205M, peak: 205M
current process commit charge ("private bytes"): 295M, peak: 295M

vm_info: Java HotSpot(TM) 64-Bit Server VM (23.0.2+7-58) for windows-amd64 JRE (23.0.2+7-58), built on 2024-11-29T09:34:55Z with MS VC++ 17.6 (VS2022)

END.
